<?xml version="1.0" encoding="UTF-8"?>
<coverage generated="1629775054301" clover="3.2.0">
  <project timestamp="1629775054301" name="All files">
    <metrics statements="62" coveredstatements="62" conditionals="10" coveredconditionals="10" methods="21" coveredmethods="21" elements="93" coveredelements="93" complexity="0" loc="62" ncloc="62" packages="1" files="3" classes="3"/>
    <file name="FigureCalculator.js" path="D:\code\dicoding\back-end-expert\math-api\scr\FigureCalculator.js">
      <metrics statements="16" coveredstatements="16" conditionals="4" coveredconditionals="4" methods="7" coveredmethods="7"/>
      <line num="3" count="17" type="stmt"/>
      <line num="8" count="33" type="cond" truecount="2" falsecount="0"/>
      <line num="9" count="13" type="stmt"/>
      <line num="12" count="20" type="stmt"/>
      <line num="13" count="31" type="cond" truecount="2" falsecount="0"/>
      <line num="14" count="12" type="stmt"/>
      <line num="18" count="8" type="stmt"/>
      <line num="22" count="8" type="stmt"/>
      <line num="25" count="2" type="stmt"/>
      <line num="29" count="8" type="stmt"/>
      <line num="32" count="2" type="stmt"/>
      <line num="36" count="9" type="stmt"/>
      <line num="39" count="2" type="stmt"/>
      <line num="43" count="8" type="stmt"/>
      <line num="46" count="2" type="stmt"/>
      <line num="50" count="2" type="stmt"/>
    </file>
    <file name="MathBasic.js" path="D:\code\dicoding\back-end-expert\math-api\scr\MathBasic.js">
      <metrics statements="16" coveredstatements="16" conditionals="6" coveredconditionals="6" methods="5" coveredmethods="5"/>
      <line num="1" count="3" type="stmt"/>
      <line num="3" count="55" type="cond" truecount="2" falsecount="0"/>
      <line num="4" count="13" type="stmt"/>
      <line num="7" count="42" type="stmt"/>
      <line num="9" count="42" type="cond" truecount="4" falsecount="0"/>
      <line num="10" count="12" type="stmt"/>
      <line num="12" count="30" type="stmt"/>
      <line num="15" count="17" type="stmt"/>
      <line num="16" count="10" type="stmt"/>
      <line num="19" count="10" type="stmt"/>
      <line num="20" count="4" type="stmt"/>
      <line num="23" count="16" type="stmt"/>
      <line num="24" count="10" type="stmt"/>
      <line num="27" count="12" type="stmt"/>
      <line num="28" count="6" type="stmt"/>
      <line num="32" count="3" type="stmt"/>
    </file>
    <file name="createServer.js" path="D:\code\dicoding\back-end-expert\math-api\scr\createServer.js">
      <metrics statements="30" coveredstatements="30" conditionals="0" coveredconditionals="0" methods="9" coveredmethods="9"/>
      <line num="1" count="1" type="stmt"/>
      <line num="3" count="1" type="stmt"/>
      <line num="4" count="8" type="stmt"/>
      <line num="9" count="8" type="stmt"/>
      <line num="14" count="1" type="stmt"/>
      <line num="15" count="1" type="stmt"/>
      <line num="16" count="1" type="stmt"/>
      <line num="23" count="1" type="stmt"/>
      <line num="24" count="1" type="stmt"/>
      <line num="25" count="1" type="stmt"/>
      <line num="32" count="1" type="stmt"/>
      <line num="33" count="1" type="stmt"/>
      <line num="34" count="1" type="stmt"/>
      <line num="41" count="1" type="stmt"/>
      <line num="42" count="1" type="stmt"/>
      <line num="43" count="1" type="stmt"/>
      <line num="50" count="1" type="stmt"/>
      <line num="51" count="1" type="stmt"/>
      <line num="52" count="1" type="stmt"/>
      <line num="59" count="1" type="stmt"/>
      <line num="60" count="1" type="stmt"/>
      <line num="61" count="1" type="stmt"/>
      <line num="68" count="1" type="stmt"/>
      <line num="69" count="1" type="stmt"/>
      <line num="72" count="1" type="stmt"/>
      <line num="79" count="1" type="stmt"/>
      <line num="80" count="1" type="stmt"/>
      <line num="81" count="1" type="stmt"/>
      <line num="86" count="8" type="stmt"/>
      <line num="89" count="1" type="stmt"/>
    </file>
  </project>
</coverage>
