<?xml version="1.0" encoding="UTF-8"?>
<coverage generated="1629380093088" clover="3.2.0">
  <project timestamp="1629380093088" name="All files">
    <metrics statements="32" coveredstatements="32" conditionals="10" coveredconditionals="10" methods="12" coveredmethods="12" elements="54" coveredelements="54" complexity="0" loc="32" ncloc="32" packages="1" files="2" classes="2"/>
    <file name="FigureCalculator.js" path="D:\code\dicoding\back-end-expert\math-api\scr\FigureCalculator.js">
      <metrics statements="16" coveredstatements="16" conditionals="4" coveredconditionals="4" methods="7" coveredmethods="7"/>
      <line num="3" count="13" type="stmt"/>
      <line num="8" count="29" type="cond" truecount="2" falsecount="0"/>
      <line num="9" count="13" type="stmt"/>
      <line num="12" count="16" type="stmt"/>
      <line num="13" count="22" type="cond" truecount="2" falsecount="0"/>
      <line num="14" count="12" type="stmt"/>
      <line num="18" count="4" type="stmt"/>
      <line num="22" count="7" type="stmt"/>
      <line num="25" count="1" type="stmt"/>
      <line num="29" count="7" type="stmt"/>
      <line num="32" count="1" type="stmt"/>
      <line num="36" count="8" type="stmt"/>
      <line num="39" count="1" type="stmt"/>
      <line num="43" count="7" type="stmt"/>
      <line num="46" count="1" type="stmt"/>
      <line num="50" count="1" type="stmt"/>
    </file>
    <file name="MathBasic.js" path="D:\code\dicoding\back-end-expert\math-api\scr\MathBasic.js">
      <metrics statements="16" coveredstatements="16" conditionals="6" coveredconditionals="6" methods="5" coveredmethods="5"/>
      <line num="1" count="2" type="stmt"/>
      <line num="3" count="44" type="cond" truecount="2" falsecount="0"/>
      <line num="4" count="13" type="stmt"/>
      <line num="7" count="31" type="stmt"/>
      <line num="9" count="31" type="cond" truecount="4" falsecount="0"/>
      <line num="10" count="12" type="stmt"/>
      <line num="12" count="19" type="stmt"/>
      <line num="15" count="13" type="stmt"/>
      <line num="16" count="6" type="stmt"/>
      <line num="19" count="9" type="stmt"/>
      <line num="20" count="3" type="stmt"/>
      <line num="23" count="12" type="stmt"/>
      <line num="24" count="6" type="stmt"/>
      <line num="27" count="10" type="stmt"/>
      <line num="28" count="4" type="stmt"/>
      <line num="32" count="2" type="stmt"/>
    </file>
  </project>
</coverage>
