TN:
SF:scr\FigureCalculator.js
FN:2,(anonymous_0)
FN:7,(anonymous_1)
FN:12,(anonymous_2)
FN:21,(anonymous_3)
FN:28,(anonymous_4)
FN:35,(anonymous_5)
FN:42,(anonymous_6)
FNF:7
FNH:7
FNDA:17,(anonymous_0)
FNDA:33,(anonymous_1)
FNDA:31,(anonymous_2)
FNDA:8,(anonymous_3)
FNDA:8,(anonymous_4)
FNDA:9,(anonymous_5)
FNDA:8,(anonymous_6)
DA:3,17
DA:8,33
DA:9,13
DA:12,20
DA:13,31
DA:14,12
DA:18,8
DA:22,8
DA:25,2
DA:29,8
DA:32,2
DA:36,9
DA:39,2
DA:43,8
DA:46,2
DA:50,2
LF:16
LH:16
BRDA:8,0,0,13
BRDA:8,0,1,20
BRDA:13,1,0,12
BRDA:13,1,1,19
BRF:4
BRH:4
end_of_record
TN:
SF:scr\MathBasic.js
FN:2,(anonymous_0)
FN:14,(anonymous_1)
FN:18,(anonymous_2)
FN:22,(anonymous_3)
FN:26,(anonymous_4)
FNF:5
FNH:5
FNDA:55,(anonymous_0)
FNDA:17,(anonymous_1)
FNDA:10,(anonymous_2)
FNDA:16,(anonymous_3)
FNDA:12,(anonymous_4)
DA:1,3
DA:3,55
DA:4,13
DA:7,42
DA:9,42
DA:10,12
DA:12,30
DA:15,17
DA:16,10
DA:19,10
DA:20,4
DA:23,16
DA:24,10
DA:27,12
DA:28,6
DA:32,3
LF:16
LH:16
BRDA:3,0,0,13
BRDA:3,0,1,42
BRDA:9,1,0,12
BRDA:9,1,1,30
BRDA:9,2,0,42
BRDA:9,2,1,30
BRF:6
BRH:6
end_of_record
TN:
SF:scr\createServer.js
FN:3,(anonymous_0)
FN:13,(anonymous_1)
FN:22,(anonymous_2)
FN:31,(anonymous_3)
FN:40,(anonymous_4)
FN:49,(anonymous_5)
FN:58,(anonymous_6)
FN:67,(anonymous_7)
FN:78,(anonymous_8)
FNF:9
FNH:9
FNDA:8,(anonymous_0)
FNDA:1,(anonymous_1)
FNDA:1,(anonymous_2)
FNDA:1,(anonymous_3)
FNDA:1,(anonymous_4)
FNDA:1,(anonymous_5)
FNDA:1,(anonymous_6)
FNDA:1,(anonymous_7)
FNDA:1,(anonymous_8)
DA:1,1
DA:3,1
DA:4,8
DA:9,8
DA:14,1
DA:15,1
DA:16,1
DA:23,1
DA:24,1
DA:25,1
DA:32,1
DA:33,1
DA:34,1
DA:41,1
DA:42,1
DA:43,1
DA:50,1
DA:51,1
DA:52,1
DA:59,1
DA:60,1
DA:61,1
DA:68,1
DA:69,1
DA:72,1
DA:79,1
DA:80,1
DA:81,1
DA:86,8
DA:89,1
LF:30
LH:30
BRF:0
BRH:0
end_of_record
