TN:
SF:scr\FigureCalculator.js
FN:2,(anonymous_0)
FN:7,(anonymous_1)
FN:12,(anonymous_2)
FN:21,(anonymous_3)
FN:28,(anonymous_4)
FN:35,(anonymous_5)
FN:42,(anonymous_6)
FNF:7
FNH:7
FNDA:13,(anonymous_0)
FNDA:29,(anonymous_1)
FNDA:22,(anonymous_2)
FNDA:7,(anonymous_3)
FNDA:7,(anonymous_4)
FNDA:8,(anonymous_5)
FNDA:7,(anonymous_6)
DA:3,13
DA:8,29
DA:9,13
DA:12,16
DA:13,22
DA:14,12
DA:18,4
DA:22,7
DA:25,1
DA:29,7
DA:32,1
DA:36,8
DA:39,1
DA:43,7
DA:46,1
DA:50,1
LF:16
LH:16
BRDA:8,0,0,13
BRDA:8,0,1,16
BRDA:13,1,0,12
BRDA:13,1,1,10
BRF:4
BRH:4
end_of_record
TN:
SF:scr\MathBasic.js
FN:2,(anonymous_0)
FN:14,(anonymous_1)
FN:18,(anonymous_2)
FN:22,(anonymous_3)
FN:26,(anonymous_4)
FNF:5
FNH:5
FNDA:44,(anonymous_0)
FNDA:13,(anonymous_1)
FNDA:9,(anonymous_2)
FNDA:12,(anonymous_3)
FNDA:10,(anonymous_4)
DA:1,2
DA:3,44
DA:4,13
DA:7,31
DA:9,31
DA:10,12
DA:12,19
DA:15,13
DA:16,6
DA:19,9
DA:20,3
DA:23,12
DA:24,6
DA:27,10
DA:28,4
DA:32,2
LF:16
LH:16
BRDA:3,0,0,13
BRDA:3,0,1,31
BRDA:9,1,0,12
BRDA:9,1,1,19
BRDA:9,2,0,31
BRDA:9,2,1,19
BRF:6
BRH:6
end_of_record
